e:\xtp_api_java\cpp\buildwin64\tradeplugin.dir\debug\vc140.pdb
e:\xtp_api_java\cpp\buildwin64\tradeplugin.dir\debug\xtptradeapi.obj
e:\xtp_api_java\cpp\buildwin64\tradeplugin.dir\debug\xtptradeadapter.obj
e:\xtp_api_java\cpp\buildwin64\tradeplugin.dir\debug\initglog.obj
e:\xtp_api_java\cpp\buildwin64\cmakefiles\generate.stamp
e:\xtp_api_java\cpp\buildwin64\debug\tradeplugin.ilk
e:\xtp_api_java\cpp\buildwin64\debug\tradeplugin.dll
e:\xtp_api_java\cpp\buildwin64\debug\tradeplugin.pdb
e:\xtp_api_java\cpp\buildwin64\debug\tradeplugin.lib
e:\xtp_api_java\cpp\buildwin64\debug\tradeplugin.exp
e:\xtp_api_java\cpp\buildwin64\tradeplugin.dir\debug\tradeplugin.tlog\cl.command.1.tlog
e:\xtp_api_java\cpp\buildwin64\tradeplugin.dir\debug\tradeplugin.tlog\cl.read.1.tlog
e:\xtp_api_java\cpp\buildwin64\tradeplugin.dir\debug\tradeplugin.tlog\cl.write.1.tlog
e:\xtp_api_java\cpp\buildwin64\tradeplugin.dir\debug\tradeplugin.tlog\custombuild.command.1.tlog
e:\xtp_api_java\cpp\buildwin64\tradeplugin.dir\debug\tradeplugin.tlog\custombuild.read.1.tlog
e:\xtp_api_java\cpp\buildwin64\tradeplugin.dir\debug\tradeplugin.tlog\custombuild.write.1.tlog
e:\xtp_api_java\cpp\buildwin64\tradeplugin.dir\debug\tradeplugin.tlog\link.command.1.tlog
e:\xtp_api_java\cpp\buildwin64\tradeplugin.dir\debug\tradeplugin.tlog\link.read.1.tlog
e:\xtp_api_java\cpp\buildwin64\tradeplugin.dir\debug\tradeplugin.tlog\link.write.1.tlog
e:\xtp_api_java\cpp\buildwin64\tradeplugin.dir\debug\tradeplugin.tlog\tradeplugin.write.1u.tlog
