e:\xtp_api_java\cpp\buildwin64\quoteplugin.dir\debug\vc140.pdb
e:\xtp_api_java\cpp\buildwin64\quoteplugin.dir\debug\xtpquoteapi.obj
e:\xtp_api_java\cpp\buildwin64\quoteplugin.dir\debug\xtpquoteadapter.obj
e:\xtp_api_java\cpp\buildwin64\quoteplugin.dir\debug\initglog.obj
e:\xtp_api_java\cpp\buildwin64\cmakefiles\generate.stamp
e:\xtp_api_java\cpp\buildwin64\debug\quoteplugin.ilk
e:\xtp_api_java\cpp\buildwin64\debug\quoteplugin.dll
e:\xtp_api_java\cpp\buildwin64\debug\quoteplugin.pdb
e:\xtp_api_java\cpp\buildwin64\debug\quoteplugin.lib
e:\xtp_api_java\cpp\buildwin64\debug\quoteplugin.exp
e:\xtp_api_java\cpp\buildwin64\quoteplugin.dir\debug\quoteplugin.tlog\cl.command.1.tlog
e:\xtp_api_java\cpp\buildwin64\quoteplugin.dir\debug\quoteplugin.tlog\cl.read.1.tlog
e:\xtp_api_java\cpp\buildwin64\quoteplugin.dir\debug\quoteplugin.tlog\cl.write.1.tlog
e:\xtp_api_java\cpp\buildwin64\quoteplugin.dir\debug\quoteplugin.tlog\custombuild.command.1.tlog
e:\xtp_api_java\cpp\buildwin64\quoteplugin.dir\debug\quoteplugin.tlog\custombuild.read.1.tlog
e:\xtp_api_java\cpp\buildwin64\quoteplugin.dir\debug\quoteplugin.tlog\custombuild.write.1.tlog
e:\xtp_api_java\cpp\buildwin64\quoteplugin.dir\debug\quoteplugin.tlog\link.command.1.tlog
e:\xtp_api_java\cpp\buildwin64\quoteplugin.dir\debug\quoteplugin.tlog\link.read.1.tlog
e:\xtp_api_java\cpp\buildwin64\quoteplugin.dir\debug\quoteplugin.tlog\link.write.1.tlog
e:\xtp_api_java\cpp\buildwin64\quoteplugin.dir\debug\quoteplugin.tlog\quoteplugin.write.1u.tlog
